1608203841919	geckodriver	INFO	Listening on 127.0.0.1:35533
1608203842839	mozrunner::runner	INFO	Running command: "/usr/bin/firefox" "--marionette" "-headless" "-foreground" "-no-remote" "-profile" "/tmp/rust_mozprofile8AIuRs"
*** You are running in headless mode.

(firefox:1085593): GLib-GObject-WARNING **: 19:17:23.239: invalid (NULL) pointer instance

(firefox:1085593): GLib-GObject-CRITICAL **: 19:17:23.239: g_signal_connect_data: assertion 'G_TYPE_CHECK_INSTANCE (instance)' failed

(/usr/lib/firefox/firefox:1085657): GLib-GObject-WARNING **: 19:17:23.623: invalid (NULL) pointer instance

(/usr/lib/firefox/firefox:1085657): GLib-GObject-CRITICAL **: 19:17:23.623: g_signal_connect_data: assertion 'G_TYPE_CHECK_INSTANCE (instance)' failed

(/usr/lib/firefox/firefox:1085680): GLib-GObject-WARNING **: 19:17:23.722: invalid (NULL) pointer instance

(/usr/lib/firefox/firefox:1085680): GLib-GObject-CRITICAL **: 19:17:23.722: g_signal_connect_data: assertion 'G_TYPE_CHECK_INSTANCE (instance)' failed
console.warn: SearchSettings: "get: No settings file exists, new profile?" (new Error("", "(unknown module)"))
1608203844406	Marionette	INFO	Listening on port 41559
1608203844488	Marionette	WARN	TLS certificate errors will be ignored for this session

(/usr/lib/firefox/firefox:1085760): GLib-GObject-WARNING **: 19:17:24.601: invalid (NULL) pointer instance

(/usr/lib/firefox/firefox:1085760): GLib-GObject-CRITICAL **: 19:17:24.601: g_signal_connect_data: assertion 'G_TYPE_CHECK_INSTANCE (instance)' failed
console.error: Region.jsm: "Error fetching region" (new Error("TIMEOUT", "resource://gre/modules/Region.jsm", 726))
console.error: Region.jsm: "Failed to fetch region" (new Error("TIMEOUT", "resource://gre/modules/Region.jsm", 376))
1608203874299	geckodriver	INFO	Listening on 127.0.0.1:42011
1608203874303	mozrunner::runner	INFO	Running command: "/usr/bin/firefox" "--marionette" "-foreground" "-no-remote" "-profile" "/tmp/rust_mozprofilejjASVe"
console.warn: SearchSettings: "get: No settings file exists, new profile?" (new Error("", "(unknown module)"))
1608203876132	Marionette	INFO	Listening on port 41587
1608203876225	Marionette	WARN	TLS certificate errors will be ignored for this session
console.error: Region.jsm: "Error fetching region" (new Error("TIMEOUT", "resource://gre/modules/Region.jsm", 726))
console.error: Region.jsm: "Failed to fetch region" (new Error("TIMEOUT", "resource://gre/modules/Region.jsm", 376))
JavaScript error: , line 0: NetworkError: A network error occurred.
JavaScript error: , line 0: NetworkError: A network error occurred.
JavaScript error: resource://activity-stream/lib/ASRouter.jsm, line 987: NS_ERROR_ILLEGAL_VALUE: Component returned failure code: 0x80070057 (NS_ERROR_ILLEGAL_VALUE) [nsIObserverService.removeObserver]
JavaScript error: https://www.google.com/, line 207: NS_ERROR_NOT_INITIALIZED: 
1608203957695	Marionette	INFO	Stopped listening on port 41587
1608204057986	geckodriver	INFO	Listening on 127.0.0.1:34611
1608204057990	mozrunner::runner	INFO	Running command: "/usr/bin/firefox" "--marionette" "-foreground" "-no-remote" "-profile" "/tmp/rust_mozprofileXxc2LX"
console.warn: SearchSettings: "get: No settings file exists, new profile?" (new Error("", "(unknown module)"))
1608204059905	Marionette	INFO	Listening on port 43437
1608204060012	Marionette	WARN	TLS certificate errors will be ignored for this session
console.error: Region.jsm: "Error fetching region" (new Error("TIMEOUT", "resource://gre/modules/Region.jsm", 726))
console.error: Region.jsm: "Failed to fetch region" (new Error("TIMEOUT", "resource://gre/modules/Region.jsm", 376))
1608204146685	geckodriver	INFO	Listening on 127.0.0.1:59487
1608204146689	mozrunner::runner	INFO	Running command: "/usr/bin/firefox" "--marionette" "-foreground" "-no-remote" "-profile" "/tmp/rust_mozprofilew3Quaa"
console.warn: SearchSettings: "get: No settings file exists, new profile?" (new Error("", "(unknown module)"))
1608204148629	Marionette	INFO	Listening on port 34807
1608204148712	Marionette	WARN	TLS certificate errors will be ignored for this session
1608204201445	Marionette	INFO	Stopped listening on port 34807
1608204253288	addons.xpi	ERROR	System addon update list error Error: Failed downloading XML, status: 0, reason: timeout
1608204907970	geckodriver	INFO	Listening on 127.0.0.1:44795
1608204907974	mozrunner::runner	INFO	Running command: "/usr/bin/firefox" "--marionette" "-foreground" "-no-remote" "-profile" "/tmp/rust_mozprofileMyfb6N"
console.warn: SearchSettings: "get: No settings file exists, new profile?" (new Error("", "(unknown module)"))
1608204909817	Marionette	INFO	Listening on port 39687
1608204909903	Marionette	WARN	TLS certificate errors will be ignored for this session
console.error: Region.jsm: "Error fetching region" (new Error("TIMEOUT", "resource://gre/modules/Region.jsm", 726))
console.error: Region.jsm: "Failed to fetch region" (new Error("TIMEOUT", "resource://gre/modules/Region.jsm", 376))
console.error: services.settings: 
  main/fxmonitor-breaches Signature failed  TypeError: NetworkError when attempting to fetch resource.
console.error: services.settings: 
  main/message-groups Signature failed  TypeError: NetworkError when attempting to fetch resource.
1608205318426	addons.xpi	ERROR	System addon update list error Error: Failed downloading XML, status: 0, reason: timeout
1608206089234	Marionette	INFO	Stopped listening on port 39687
1608206092611	geckodriver	INFO	Listening on 127.0.0.1:46497
1608206092616	mozrunner::runner	INFO	Running command: "/usr/bin/firefox" "--marionette" "-foreground" "-no-remote" "-profile" "/tmp/rust_mozprofileTnhP7z"
console.warn: SearchSettings: "get: No settings file exists, new profile?" (new Error("", "(unknown module)"))
1608206094346	Marionette	INFO	Listening on port 38417
1608206094450	Marionette	WARN	TLS certificate errors will be ignored for this session
1608206151612	Marionette	INFO	Stopped listening on port 38417
1608206591816	geckodriver	INFO	Listening on 127.0.0.1:49719
1608206591820	mozrunner::runner	INFO	Running command: "/usr/bin/firefox" "--marionette" "-foreground" "-no-remote" "-profile" "/tmp/rust_mozprofileeKxk0m"
console.warn: SearchSettings: "get: No settings file exists, new profile?" (new Error("", "(unknown module)"))
1608206593584	Marionette	INFO	Listening on port 39995
1608206593643	Marionette	WARN	TLS certificate errors will be ignored for this session
console.error: Region.jsm: "Error fetching region" (new Error("TIMEOUT", "resource://gre/modules/Region.jsm", 726))
console.error: Region.jsm: "Failed to fetch region" (new Error("TIMEOUT", "resource://gre/modules/Region.jsm", 376))
Exiting due to channel error.
Exiting due to channel error.
Exiting due to channel error.
1608208087641	geckodriver	INFO	Listening on 127.0.0.1:51023
1608208087646	mozrunner::runner	INFO	Running command: "/usr/bin/firefox" "--marionette" "-foreground" "-no-remote" "-profile" "/tmp/rust_mozprofileHrfw3B"
console.warn: SearchSettings: "get: No settings file exists, new profile?" (new Error("", "(unknown module)"))
1608208089565	Marionette	INFO	Listening on port 43795
1608208089667	Marionette	WARN	TLS certificate errors will be ignored for this session
1608208578622	Marionette	INFO	Stopped listening on port 43795
1608214661809	geckodriver	INFO	Listening on 127.0.0.1:39993
1608214661813	mozrunner::runner	INFO	Running command: "/usr/bin/firefox" "--marionette" "-foreground" "-no-remote" "-profile" "/tmp/rust_mozprofileiTOgNw"
console.warn: SearchSettings: "get: No settings file exists, new profile?" (new Error("", "(unknown module)"))
1608214663487	Marionette	INFO	Listening on port 46069
1608214663546	Marionette	WARN	TLS certificate errors will be ignored for this session
console.error: Region.jsm: "Error fetching region" (new Error("TIMEOUT", "resource://gre/modules/Region.jsm", 726))
console.error: Region.jsm: "Failed to fetch region" (new Error("TIMEOUT", "resource://gre/modules/Region.jsm", 376))
Exiting due to channel error.
Exiting due to channel error.
Exiting due to channel error.
1608215138290	geckodriver	INFO	Listening on 127.0.0.1:55675
1608215138306	mozrunner::runner	INFO	Running command: "/usr/bin/firefox" "--marionette" "-foreground" "-no-remote" "-profile" "/tmp/rust_mozprofile8GTgfO"
console.warn: SearchSettings: "get: No settings file exists, new profile?" (new Error("", "(unknown module)"))
1608215140197	Marionette	INFO	Listening on port 45871
1608215140233	Marionette	WARN	TLS certificate errors will be ignored for this session
console.error: Region.jsm: "Error fetching region" (new Error("TIMEOUT", "resource://gre/modules/Region.jsm", 726))
console.error: Region.jsm: "Failed to fetch region" (new Error("TIMEOUT", "resource://gre/modules/Region.jsm", 376))
1608215189584	Marionette	WARN	TimedPromise timed out after 500 ms: stacktrace:
TimedPromise/<@chrome://marionette/content/sync.js:235:19
TimedPromise@chrome://marionette/content/sync.js:220:10
interaction.flushEventLoop@chrome://marionette/content/interaction.js:418:10
webdriverClickElement@chrome://marionette/content/interaction.js:179:31
1608215199990	Marionette	INFO	Stopped listening on port 45871
1608215231568	geckodriver	INFO	Listening on 127.0.0.1:60763
1608215231572	mozrunner::runner	INFO	Running command: "/usr/bin/firefox" "--marionette" "-foreground" "-no-remote" "-profile" "/tmp/rust_mozprofiler0fS8s"
console.warn: SearchSettings: "get: No settings file exists, new profile?" (new Error("", "(unknown module)"))
1608215233473	Marionette	INFO	Listening on port 45369
1608215233500	Marionette	WARN	TLS certificate errors will be ignored for this session
1608215300391	Marionette	INFO	Stopped listening on port 45369
1608216644041	geckodriver	INFO	Listening on 127.0.0.1:60059
1608216644046	mozrunner::runner	INFO	Running command: "/usr/bin/firefox" "--marionette" "-foreground" "-no-remote" "-profile" "/tmp/rust_mozprofileqHkOwE"
console.warn: SearchSettings: "get: No settings file exists, new profile?" (new Error("", "(unknown module)"))
1608216646225	Marionette	INFO	Listening on port 33909
1608216646256	Marionette	WARN	TLS certificate errors will be ignored for this session
1608216731589	Marionette	INFO	Stopped listening on port 33909
1608216735389	geckodriver	INFO	Listening on 127.0.0.1:46203
1608216735392	mozrunner::runner	INFO	Running command: "/usr/bin/firefox" "--marionette" "-foreground" "-no-remote" "-profile" "/tmp/rust_mozprofileqnMtPF"
console.warn: SearchSettings: "get: No settings file exists, new profile?" (new Error("", "(unknown module)"))
1608216737191	Marionette	INFO	Listening on port 42793
1608216737247	Marionette	WARN	TLS certificate errors will be ignored for this session
1608216950120	Marionette	WARN	TimedPromise timed out after 500 ms: stacktrace:
TimedPromise/<@chrome://marionette/content/sync.js:235:19
TimedPromise@chrome://marionette/content/sync.js:220:10
interaction.flushEventLoop@chrome://marionette/content/interaction.js:418:10
webdriverClickElement@chrome://marionette/content/interaction.js:179:31
1608216960537	Marionette	INFO	Stopped listening on port 42793
1608216966162	geckodriver	INFO	Listening on 127.0.0.1:58317
1608216966166	mozrunner::runner	INFO	Running command: "/usr/bin/firefox" "--marionette" "-foreground" "-no-remote" "-profile" "/tmp/rust_mozprofileZ3hE4h"
console.warn: SearchSettings: "get: No settings file exists, new profile?" (new Error("", "(unknown module)"))
1608216967853	Marionette	INFO	Listening on port 35407
1608216967907	Marionette	WARN	TLS certificate errors will be ignored for this session
JavaScript error: , line 0: NotFoundError: No such JSWindowActor 'MarionetteEvents'
1608217038633	Marionette	INFO	Stopped listening on port 35407
1608221098574	geckodriver	INFO	Listening on 127.0.0.1:42535
1608221098578	mozrunner::runner	INFO	Running command: "/usr/bin/firefox" "--marionette" "-foreground" "-no-remote" "-profile" "/tmp/rust_mozprofileoxuze7"
console.warn: SearchSettings: "get: No settings file exists, new profile?" (new Error("", "(unknown module)"))
1608221100216	Marionette	INFO	Listening on port 33425
1608221100325	Marionette	WARN	TLS certificate errors will be ignored for this session
JavaScript error: , line 0: TypeError: NetworkError when attempting to fetch resource.
1608221173039	Marionette	INFO	Stopped listening on port 33425
